# JRE version: Java(TM) SE Runtime Environment (18.0.1.1+2) (build 18.0.1.1+2-6)
# Java VM: Java HotSpot(TM) 64-Bit Server VM (18.0.1.1+2-6, mixed mode, sharing, tiered, compressed oops, compressed class ptrs, g1 gc, windows-amd64)
GC Precious Log:
 CardTable entry size: 512
 Card Set container configuration: InlinePtr #cards 5 size 8 Array Of Cards #cards 12 size 40 Howl #buckets 4 coarsen threshold 1843 Howl Bitmap #cards 512 size 80 coarsen threshold 460 Card regions per heap region 1 cards per card region 2048
 CPUs: 8 total, 8 available
 Memory: 8059M
 Large Page Support: Disabled
 NUMA Support: Disabled
 Compressed Oops: Enabled (32-bit)
 Heap Region Size: 1M
 Heap Min Capacity: 8M
 Heap Initial Capacity: 126M
 Heap Max Capacity: 2016M
 Pre-touch: Disabled
 Parallel Workers: 8
 Concurrent Workers: 2
 Concurrent Refinement Workers: 8
 Periodic GC: Disabled
Heap:
 garbage-first heap   total 143360K, used 92415K [0x0000000082000000, 0x0000000100000000)
  region size 1024K, 32 young (32768K), 2 survivors (2048K)
 Metaspace       used 34073K, committed 34432K, reserved 1114112K
  class space    used 4553K, committed 4736K, reserved 1048576K
GC Heap History (20 events):
Event: 1.774 GC heap before
{Heap before GC invocations=4 (full 0):
 garbage-first heap   total 37888K, used 31653K [0x0000000082000000, 0x0000000100000000)
  region size 1024K, 23 young (23552K), 6 survivors (6144K)
 Metaspace       used 24843K, committed 25216K, reserved 1114112K
  class space    used 3054K, committed 3264K, reserved 1048576K
}
Event: 1.780 GC heap after
{Heap after GC invocations=5 (full 0):
 garbage-first heap   total 40960K, used 16665K [0x0000000082000000, 0x0000000100000000)
  region size 1024K, 3 young (3072K), 3 survivors (3072K)
 Metaspace       used 24843K, committed 25216K, reserved 1114112K
  class space    used 3054K, committed 3264K, reserved 1048576K
}
Event: 2.044 GC heap before
{Heap before GC invocations=5 (full 0):
 garbage-first heap   total 40960K, used 29977K [0x0000000082000000, 0x0000000100000000)
  region size 1024K, 16 young (16384K), 3 survivors (3072K)
 Metaspace       used 27992K, committed 28352K, reserved 1114112K
  class space    used 3676K, committed 3840K, reserved 1048576K
}
Event: 2.049 GC heap after
{Heap after GC invocations=6 (full 0):
 garbage-first heap   total 40960K, used 18171K [0x0000000082000000, 0x0000000100000000)
  region size 1024K, 2 young (2048K), 2 survivors (2048K)
 Metaspace       used 27992K, committed 28352K, reserved 1114112K
  class space    used 3676K, committed 3840K, reserved 1048576K
}
Event: 2.070 GC heap before
{Heap before GC invocations=6 (full 0):
 garbage-first heap   total 40960K, used 19195K [0x0000000082000000, 0x0000000100000000)
  region size 1024K, 4 young (4096K), 2 survivors (2048K)
 Metaspace       used 28262K, committed 28672K, reserved 1114112K
  class space    used 3701K, committed 3904K, reserved 1048576K
}
Event: 2.072 GC heap after
{Heap after GC invocations=7 (full 0):
 garbage-first heap   total 40960K, used 18438K [0x0000000082000000, 0x0000000100000000)
  region size 1024K, 2 young (2048K), 2 survivors (2048K)
 Metaspace       used 28262K, committed 28672K, reserved 1114112K
  class space    used 3701K, committed 3904K, reserved 1048576K
}
Event: 12.503 GC heap before
{Heap before GC invocations=7 (full 0):
 garbage-first heap   total 40960K, used 32774K [0x0000000082000000, 0x0000000100000000)
  region size 1024K, 14 young (14336K), 2 survivors (2048K)
 Metaspace       used 30754K, committed 31104K, reserved 1114112K
  class space    used 4060K, committed 4224K, reserved 1048576K
}
Event: 12.506 GC heap after
{Heap after GC invocations=8 (full 0):
 garbage-first heap   total 54272K, used 21623K [0x0000000082000000, 0x0000000100000000)
  region size 1024K, 2 young (2048K), 2 survivors (2048K)
 Metaspace       used 30754K, committed 31104K, reserved 1114112K
  class space    used 4060K, committed 4224K, reserved 1048576K
}
Event: 12.514 GC heap before
{Heap before GC invocations=8 (full 0):
 garbage-first heap   total 54272K, used 21623K [0x0000000082000000, 0x0000000100000000)
  region size 1024K, 3 young (3072K), 2 survivors (2048K)
 Metaspace       used 30787K, committed 31104K, reserved 1114112K
  class space    used 4063K, committed 4224K, reserved 1048576K
}
Event: 12.515 GC heap after
{Heap after GC invocations=9 (full 0):
 garbage-first heap   total 54272K, used 21837K [0x0000000082000000, 0x0000000100000000)
  region size 1024K, 2 young (2048K), 2 survivors (2048K)
 Metaspace       used 30787K, committed 31104K, reserved 1114112K
  class space    used 4063K, committed 4224K, reserved 1048576K
}
Event: 12.541 GC heap before
{Heap before GC invocations=9 (full 0):
 garbage-first heap   total 54272K, used 26957K [0x0000000082000000, 0x0000000100000000)
  region size 1024K, 3 young (3072K), 2 survivors (2048K)
 Metaspace       used 30789K, committed 31104K, reserved 1114112K
  class space    used 4063K, committed 4224K, reserved 1048576K
}
Event: 12.543 GC heap after
{Heap after GC invocations=10 (full 0):
 garbage-first heap   total 54272K, used 26850K [0x0000000082000000, 0x0000000100000000)
  region size 1024K, 2 young (2048K), 2 survivors (2048K)
 Metaspace       used 30789K, committed 31104K, reserved 1114112K
  class space    used 4063K, committed 4224K, reserved 1048576K
}
Event: 12.573 GC heap before
{Heap before GC invocations=11 (full 0):
 garbage-first heap   total 58368K, used 31970K [0x0000000082000000, 0x0000000100000000)
  region size 1024K, 3 young (3072K), 2 survivors (2048K)
 Metaspace       used 30791K, committed 31104K, reserved 1114112K
  class space    used 4063K, committed 4224K, reserved 1048576K
}
Event: 12.576 GC heap after
{Heap after GC invocations=12 (full 0):
 garbage-first heap   total 58368K, used 31983K [0x0000000082000000, 0x0000000100000000)
  region size 1024K, 2 young (2048K), 2 survivors (2048K)
 Metaspace       used 30791K, committed 31104K, reserved 1114112K
  class space    used 4063K, committed 4224K, reserved 1048576K
}
Event: 12.609 GC heap before
{Heap before GC invocations=13 (full 0):
 garbage-first heap   total 66560K, used 37103K [0x0000000082000000, 0x0000000100000000)
  region size 1024K, 3 young (3072K), 2 survivors (2048K)
 Metaspace       used 30791K, committed 31104K, reserved 1114112K
  class space    used 4063K, committed 4224K, reserved 1048576K
}
Event: 12.611 GC heap after
{Heap after GC invocations=14 (full 0):
 garbage-first heap   total 66560K, used 37178K [0x0000000082000000, 0x0000000100000000)
  region size 1024K, 2 young (2048K), 2 survivors (2048K)
 Metaspace       used 30791K, committed 31104K, reserved 1114112K
  class space    used 4063K, committed 4224K, reserved 1048576K
}
Event: 12.634 GC heap before
{Heap before GC invocations=15 (full 0):
 garbage-first heap   total 75776K, used 42298K [0x0000000082000000, 0x0000000100000000)
  region size 1024K, 3 young (3072K), 2 survivors (2048K)
 Metaspace       used 30791K, committed 31104K, reserved 1114112K
  class space    used 4063K, committed 4224K, reserved 1048576K
}
Event: 12.636 GC heap after
{Heap after GC invocations=16 (full 0):
 garbage-first heap   total 75776K, used 42259K [0x0000000082000000, 0x0000000100000000)
  region size 1024K, 2 young (2048K), 2 survivors (2048K)
 Metaspace       used 30791K, committed 31104K, reserved 1114112K
  class space    used 4063K, committed 4224K, reserved 1048576K
}
Event: 12.665 GC heap before
{Heap before GC invocations=17 (full 0):
 garbage-first heap   total 83968K, used 47379K [0x0000000082000000, 0x0000000100000000)
  region size 1024K, 3 young (3072K), 2 survivors (2048K)
 Metaspace       used 30791K, committed 31104K, reserved 1114112K
  class space    used 4063K, committed 4224K, reserved 1048576K
}
Event: 12.668 GC heap after
{Heap after GC invocations=18 (full 0):
 garbage-first heap   total 143360K, used 47359K [0x0000000082000000, 0x0000000100000000)
  region size 1024K, 2 young (2048K), 2 survivors (2048K)
 Metaspace       used 30791K, committed 31104K, reserved 1114112K
  class space    used 4063K, committed 4224K, reserved 1048576K
}

