# JRE version: Java(TM) SE Runtime Environment (18.0.1.1+2) (build 18.0.1.1+2-6)
# Java VM: Java HotSpot(TM) 64-Bit Server VM (18.0.1.1+2-6, mixed mode, sharing, tiered, compressed oops, compressed class ptrs, g1 gc, windows-amd64)
GC Precious Log:
 CardTable entry size: 512
 Card Set container configuration: InlinePtr #cards 5 size 8 Array Of Cards #cards 12 size 40 Howl #buckets 4 coarsen threshold 1843 Howl Bitmap #cards 512 size 80 coarsen threshold 460 Card regions per heap region 1 cards per card region 2048
 CPUs: 8 total, 8 available
 Memory: 8059M
 Large Page Support: Disabled
 NUMA Support: Disabled
 Compressed Oops: Enabled (32-bit)
 Heap Region Size: 1M
 Heap Min Capacity: 8M
 Heap Initial Capacity: 126M
 Heap Max Capacity: 2016M
 Pre-touch: Disabled
 Parallel Workers: 8
 Concurrent Workers: 2
 Concurrent Refinement Workers: 8
 Periodic GC: Disabled
Heap:
 garbage-first heap   total 199680K, used 134423K [0x0000000082000000, 0x0000000100000000)
  region size 1024K, 33 young (33792K), 1 survivors (1024K)
 Metaspace       used 28025K, committed 28288K, reserved 1114112K
  class space    used 3720K, committed 3840K, reserved 1048576K
GC Heap History (20 events):
Event: 9.041 GC heap before
{Heap before GC invocations=8 (full 0):
 garbage-first heap   total 89088K, used 50991K [0x0000000082000000, 0x0000000100000000)
  region size 1024K, 2 young (2048K), 1 survivors (1024K)
 Metaspace       used 24548K, committed 24896K, reserved 1114112K
  class space    used 3272K, committed 3392K, reserved 1048576K
}
Event: 9.041 GC heap after
{Heap after GC invocations=9 (full 0):
 garbage-first heap   total 89088K, used 50773K [0x0000000082000000, 0x0000000100000000)
  region size 1024K, 1 young (1024K), 1 survivors (1024K)
 Metaspace       used 24548K, committed 24896K, reserved 1114112K
  class space    used 3272K, committed 3392K, reserved 1048576K
}
Event: 9.088 GC heap before
{Heap before GC invocations=10 (full 0):
 garbage-first heap   total 97280K, used 55893K [0x0000000082000000, 0x0000000100000000)
  region size 1024K, 2 young (2048K), 1 survivors (1024K)
 Metaspace       used 24548K, committed 24896K, reserved 1114112K
  class space    used 3272K, committed 3392K, reserved 1048576K
}
Event: 9.089 GC heap after
{Heap after GC invocations=11 (full 0):
 garbage-first heap   total 116736K, used 55827K [0x0000000082000000, 0x0000000100000000)
  region size 1024K, 1 young (1024K), 1 survivors (1024K)
 Metaspace       used 24548K, committed 24896K, reserved 1114112K
  class space    used 3272K, committed 3392K, reserved 1048576K
}
Event: 9.804 GC heap before
{Heap before GC invocations=12 (full 0):
 garbage-first heap   total 116736K, used 67091K [0x0000000082000000, 0x0000000100000000)
  region size 1024K, 8 young (8192K), 1 survivors (1024K)
 Metaspace       used 25147K, committed 25472K, reserved 1114112K
  class space    used 3318K, committed 3456K, reserved 1048576K
}
Event: 9.806 GC heap after
{Heap after GC invocations=13 (full 0):
 garbage-first heap   total 116736K, used 61635K [0x0000000082000000, 0x0000000100000000)
  region size 1024K, 1 young (1024K), 1 survivors (1024K)
 Metaspace       used 25147K, committed 25472K, reserved 1114112K
  class space    used 3318K, committed 3456K, reserved 1048576K
}
Event: 9.832 GC heap before
{Heap before GC invocations=14 (full 0):
 garbage-first heap   total 116736K, used 66755K [0x0000000082000000, 0x0000000100000000)
  region size 1024K, 2 young (2048K), 1 survivors (1024K)
 Metaspace       used 25165K, committed 25472K, reserved 1114112K
  class space    used 3319K, committed 3456K, reserved 1048576K
}
Event: 9.834 GC heap after
{Heap after GC invocations=15 (full 0):
 garbage-first heap   total 116736K, used 66798K [0x0000000082000000, 0x0000000100000000)
  region size 1024K, 1 young (1024K), 1 survivors (1024K)
 Metaspace       used 25165K, committed 25472K, reserved 1114112K
  class space    used 3319K, committed 3456K, reserved 1048576K
}
Event: 9.865 GC heap before
{Heap before GC invocations=16 (full 0):
 garbage-first heap   total 122880K, used 71918K [0x0000000082000000, 0x0000000100000000)
  region size 1024K, 2 young (2048K), 1 survivors (1024K)
 Metaspace       used 25166K, committed 25472K, reserved 1114112K
  class space    used 3319K, committed 3456K, reserved 1048576K
}
Event: 9.866 GC heap after
{Heap after GC invocations=17 (full 0):
 garbage-first heap   total 122880K, used 71937K [0x0000000082000000, 0x0000000100000000)
  region size 1024K, 1 young (1024K), 1 survivors (1024K)
 Metaspace       used 25166K, committed 25472K, reserved 1114112K
  class space    used 3319K, committed 3456K, reserved 1048576K
}
Event: 9.895 GC heap before
{Heap before GC invocations=18 (full 0):
 garbage-first heap   total 132096K, used 77057K [0x0000000082000000, 0x0000000100000000)
  region size 1024K, 2 young (2048K), 1 survivors (1024K)
 Metaspace       used 25166K, committed 25472K, reserved 1114112K
  class space    used 3319K, committed 3456K, reserved 1048576K
}
Event: 9.897 GC heap after
{Heap after GC invocations=19 (full 0):
 garbage-first heap   total 158720K, used 77024K [0x0000000082000000, 0x0000000100000000)
  region size 1024K, 1 young (1024K), 1 survivors (1024K)
 Metaspace       used 25166K, committed 25472K, reserved 1114112K
  class space    used 3319K, committed 3456K, reserved 1048576K
}
Event: 9.921 GC heap before
{Heap before GC invocations=20 (full 0):
 garbage-first heap   total 158720K, used 82144K [0x0000000082000000, 0x0000000100000000)
  region size 1024K, 2 young (2048K), 1 survivors (1024K)
 Metaspace       used 25166K, committed 25472K, reserved 1114112K
  class space    used 3319K, committed 3456K, reserved 1048576K
}
Event: 9.923 GC heap after
{Heap after GC invocations=21 (full 0):
 garbage-first heap   total 158720K, used 82173K [0x0000000082000000, 0x0000000100000000)
  region size 1024K, 1 young (1024K), 1 survivors (1024K)
 Metaspace       used 25166K, committed 25472K, reserved 1114112K
  class space    used 3319K, committed 3456K, reserved 1048576K
}
Event: 9.949 GC heap before
{Heap before GC invocations=22 (full 0):
 garbage-first heap   total 158720K, used 87293K [0x0000000082000000, 0x0000000100000000)
  region size 1024K, 2 young (2048K), 1 survivors (1024K)
 Metaspace       used 25166K, committed 25472K, reserved 1114112K
  class space    used 3319K, committed 3456K, reserved 1048576K
}
Event: 9.951 GC heap after
{Heap after GC invocations=23 (full 0):
 garbage-first heap   total 158720K, used 87306K [0x0000000082000000, 0x0000000100000000)
  region size 1024K, 1 young (1024K), 1 survivors (1024K)
 Metaspace       used 25166K, committed 25472K, reserved 1114112K
  class space    used 3319K, committed 3456K, reserved 1048576K
}
Event: 9.981 GC heap before
{Heap before GC invocations=24 (full 0):
 garbage-first heap   total 158720K, used 92426K [0x0000000082000000, 0x0000000100000000)
  region size 1024K, 2 young (2048K), 1 survivors (1024K)
 Metaspace       used 25166K, committed 25472K, reserved 1114112K
  class space    used 3319K, committed 3456K, reserved 1048576K
}
Event: 9.983 GC heap after
{Heap after GC invocations=25 (full 0):
 garbage-first heap   total 158720K, used 92433K [0x0000000082000000, 0x0000000100000000)
  region size 1024K, 1 young (1024K), 1 survivors (1024K)
 Metaspace       used 25166K, committed 25472K, reserved 1114112K
  class space    used 3319K, committed 3456K, reserved 1048576K
}
Event: 10.010 GC heap before
{Heap before GC invocations=26 (full 0):
 garbage-first heap   total 165888K, used 97553K [0x0000000082000000, 0x0000000100000000)
  region size 1024K, 2 young (2048K), 1 survivors (1024K)
 Metaspace       used 25166K, committed 25472K, reserved 1114112K
  class space    used 3319K, committed 3456K, reserved 1048576K
}
Event: 10.012 GC heap after
{Heap after GC invocations=27 (full 0):
 garbage-first heap   total 199680K, used 97559K [0x0000000082000000, 0x0000000100000000)
  region size 1024K, 1 young (1024K), 1 survivors (1024K)
 Metaspace       used 25166K, committed 25472K, reserved 1114112K
  class space    used 3319K, committed 3456K, reserved 1048576K
}

